<?xml version="1.0" encoding="UTF-8"?>
<!-- Generated by org.testng.reporters.JUnitReportReporter -->
<testsuite skipped="0" hostname="Pradeep-PC" name="ranford.demo.com.ranford1.Execution" tests="3" failures="0" timestamp="14 Feb 2019 03:04:01 GMT" time="65.071" errors="0">
  <testcase name="m9" time="0.005" classname="ranford.demo.com.ranford1.Execution"/>
  <testcase name="m5" time="0.015" classname="ranford.demo.com.ranford1.Execution"/>
  <testcase name="verify_excellogin" time="65.051" classname="ranford.demo.com.ranford1.Execution"/>
</testsuite> <!-- ranford.demo.com.ranford1.Execution -->
