<?xml version="1.0" encoding="UTF-8"?>
<!-- Generated by org.testng.reporters.JUnitReportReporter -->
<testsuite skipped="0" hostname="Pradeep-PC" name="ranford.demo.com.ranford1.Execution" tests="5" failures="0" timestamp="11 Feb 2019 10:42:58 GMT" time="32.658" errors="0">
  <testcase name="m5" time="0.022" classname="ranford.demo.com.ranford1.Execution"/>
  <testcase name="m9" time="0.008" classname="ranford.demo.com.ranford1.Execution"/>
  <testcase name="verify_launch" time="11.085" classname="ranford.demo.com.ranford1.Execution"/>
  <testcase name="verify_login" time="13.789" classname="ranford.demo.com.ranford1.Execution"/>
  <testcase name="verify_brachcreation" time="7.754" classname="ranford.demo.com.ranford1.Execution"/>
</testsuite> <!-- ranford.demo.com.ranford1.Execution -->
